<?xml version="1.0" encoding="UTF-8"?>
<!-- Generated by org.testng.reporters.JUnitXMLReporter -->
<testsuite ignored="0" hostname="DevZone" failures="1" tests="2" name="Default test" time="7.608" errors="0" timestamp="2023-03-28T21:36:57 IST">
  <testcase classname="com.IRC_Testing_D7_TestNG_CY_COD.Test_CY" name="testCase01" time="6.146"/>
  <testcase classname="com.IRC_Testing_D7_TestNG_CY_COD.Test_CY" name="testCase02" time="1.088">
    <failure type="org.openqa.selenium.ElementClickInterceptedException" message="element click intercepted: Element &amp;lt;img width=&amp;quot;300&amp;quot; height=&amp;quot;300&amp;quot; src=&amp;quot;https://practice.automationtesting.in/wp-content/uploads/2017/01/Learning-JavaScript-Data-Structures-and-Algorith-300x300.jpg&amp;quot; class=&amp;quot;attachment-shop_catalog size-shop_catalog wp-post-image&amp;quot; alt=&amp;quot;Learning JavaScript Data Structures and Algorith&amp;quot; loading=&amp;quot;lazy&amp;quot; title=&amp;quot;Learning JavaScript Data Structures and Algorith&amp;quot; srcset=&amp;quot;https://practice.automationtesting.in/wp-content/uploads/2017/01/Learning-JavaScript-Data-Structures-and-Algorith-300x300.jpg 300w, https://practice.automationtesting.in/wp-content/uploads/2017/01/Learning-JavaScript-Data-Structures-and-Algorith-150x150.jpg 150w, https://practice.automationtesting.in/wp-content/uploads/2017/01/Learning-JavaScript-Data-Structures-and-Algorith-180x180.jpg 180w, https://practice.automationtesting.in/wp-content/uploads/2017/01/Learning-JavaScript-Data-Structures-and-Algorith-600x600.jpg 600w&amp;quot; sizes=&amp;quot;(max-width: 300px) 100vw, 300px&amp;quot;&amp;gt; is not clickable at point (934, 646). Other element would receive the click: &amp;lt;iframe id=&amp;quot;aswift_7&amp;quot; name=&amp;quot;aswift_7&amp;quot; style=&amp;quot;width: 1005px !important; height: 124px !important; display: block; margin: 0px auto;&amp;quot; sandbox=&amp;quot;allow-forms allow-popups allow-popups-to-escape-sandbox allow-same-origin allow-scripts allow-top-navigation-by-user-activation&amp;quot; width=&amp;quot;1005&amp;quot; height=&amp;quot;124&amp;quot; frameborder=&amp;quot;0&amp;quot; marginwidth=&amp;quot;0&amp;quot; marginheight=&amp;quot;0&amp;quot; vspace=&amp;quot;0&amp;quot; hspace=&amp;quot;0&amp;quot; allowtransparency=&amp;quot;true&amp;quot; scrolling=&amp;quot;no&amp;quot; src=&amp;quot;https://googleads.g.doubleclick.net/pagead/html/r20230323/r20110914/zrt_lookup.html?fsb=1#RS-1-&amp;amp;amp;adk=1812271801&amp;amp;amp;client=ca-pub-9173866185064071&amp;amp;amp;fa=1&amp;amp;amp;ifi=8&amp;amp;amp;uci=a!8&amp;amp;amp;btvi=4&amp;amp;amp;xpc=Lx6PSiPmJH&amp;amp;amp;p=https%3A//practice.automationtesting.in&amp;quot; data-google-container-id=&amp;quot;a!8&amp;quot; data-google-query-id=&amp;quot;CKOQ2eKA__0CFROVSwUd7r8EUA&amp;quot; data-load-complete=&amp;quot;true&amp;quot;&amp;gt;&amp;lt;/iframe&amp;gt;
  (Session info: chrome=111.0.5563.111)
Build info: version: &amp;apos;4.8.2&amp;apos;, revision: &amp;apos;826dbfc730&amp;apos;
System info: os.name: &amp;apos;Windows 11&amp;apos;, os.arch: &amp;apos;amd64&amp;apos;, os.version: &amp;apos;10.0&amp;apos;, java.version: &amp;apos;17.0.6&amp;apos;
Driver info: org.openqa.selenium.chrome.ChromeDriver
Command: [0457ef8d33e4c8067b4ac6198fc424ff, clickElement {id=39501249-be7d-419a-849e-ea045ce67208}]
Capabilities {acceptInsecureCerts: false, browserName: chrome, browserVersion: 111.0.5563.111, chrome: {chromedriverVersion: 111.0.5563.64 (c710e93d5b63..., userDataDir: C:\Users\paran\AppData\Loca...}, goog:chromeOptions: {debuggerAddress: localhost:10348}, networkConnectionEnabled: false, pageLoadStrategy: normal, platformName: WINDOWS, proxy: Proxy(), se:cdp: ws://localhost:10348/devtoo..., se:cdpVersion: 111.0.5563.111, setWindowRect: true, strictFileInteractability: false, timeouts: {implicit: 0, pageLoad: 300000, script: 30000}, unhandledPromptBehavior: dismiss and notify, webauthn:extension:credBlob: true, webauthn:extension:largeBlob: true, webauthn:extension:minPinLength: true, webauthn:extension:prf: true, webauthn:virtualAuthenticators: true}
Element: [[ChromeDriver: chrome on WINDOWS (0457ef8d33e4c8067b4ac6198fc424ff)] -&amp;gt; xpath: //*[@id=&amp;quot;content&amp;quot;]/ul/li[5]/a[1]/img]
Session ID: 0457ef8d33e4c8067b4ac6198fc424ff">
      <![CDATA[org.openqa.selenium.ElementClickInterceptedException: element click intercepted: Element <img width="300" height="300" src="https://practice.automationtesting.in/wp-content/uploads/2017/01/Learning-JavaScript-Data-Structures-and-Algorith-300x300.jpg" class="attachment-shop_catalog size-shop_catalog wp-post-image" alt="Learning JavaScript Data Structures and Algorith" loading="lazy" title="Learning JavaScript Data Structures and Algorith" srcset="https://practice.automationtesting.in/wp-content/uploads/2017/01/Learning-JavaScript-Data-Structures-and-Algorith-300x300.jpg 300w, https://practice.automationtesting.in/wp-content/uploads/2017/01/Learning-JavaScript-Data-Structures-and-Algorith-150x150.jpg 150w, https://practice.automationtesting.in/wp-content/uploads/2017/01/Learning-JavaScript-Data-Structures-and-Algorith-180x180.jpg 180w, https://practice.automationtesting.in/wp-content/uploads/2017/01/Learning-JavaScript-Data-Structures-and-Algorith-600x600.jpg 600w" sizes="(max-width: 300px) 100vw, 300px"> is not clickable at point (934, 646). Other element would receive the click: <iframe id="aswift_7" name="aswift_7" style="width: 1005px !important; height: 124px !important; display: block; margin: 0px auto;" sandbox="allow-forms allow-popups allow-popups-to-escape-sandbox allow-same-origin allow-scripts allow-top-navigation-by-user-activation" width="1005" height="124" frameborder="0" marginwidth="0" marginheight="0" vspace="0" hspace="0" allowtransparency="true" scrolling="no" src="https://googleads.g.doubleclick.net/pagead/html/r20230323/r20110914/zrt_lookup.html?fsb=1#RS-1-&amp;adk=1812271801&amp;client=ca-pub-9173866185064071&amp;fa=1&amp;ifi=8&amp;uci=a!8&amp;btvi=4&amp;xpc=Lx6PSiPmJH&amp;p=https%3A//practice.automationtesting.in" data-google-container-id="a!8" data-google-query-id="CKOQ2eKA__0CFROVSwUd7r8EUA" data-load-complete="true"></iframe>
  (Session info: chrome=111.0.5563.111)
Build info: version: '4.8.2', revision: '826dbfc730'
System info: os.name: 'Windows 11', os.arch: 'amd64', os.version: '10.0', java.version: '17.0.6'
Driver info: org.openqa.selenium.chrome.ChromeDriver
Command: [0457ef8d33e4c8067b4ac6198fc424ff, clickElement {id=39501249-be7d-419a-849e-ea045ce67208}]
Capabilities {acceptInsecureCerts: false, browserName: chrome, browserVersion: 111.0.5563.111, chrome: {chromedriverVersion: 111.0.5563.64 (c710e93d5b63..., userDataDir: C:\Users\paran\AppData\Loca...}, goog:chromeOptions: {debuggerAddress: localhost:10348}, networkConnectionEnabled: false, pageLoadStrategy: normal, platformName: WINDOWS, proxy: Proxy(), se:cdp: ws://localhost:10348/devtoo..., se:cdpVersion: 111.0.5563.111, setWindowRect: true, strictFileInteractability: false, timeouts: {implicit: 0, pageLoad: 300000, script: 30000}, unhandledPromptBehavior: dismiss and notify, webauthn:extension:credBlob: true, webauthn:extension:largeBlob: true, webauthn:extension:minPinLength: true, webauthn:extension:prf: true, webauthn:virtualAuthenticators: true}
Element: [[ChromeDriver: chrome on WINDOWS (0457ef8d33e4c8067b4ac6198fc424ff)] -> xpath: //*[@id="content"]/ul/li[5]/a[1]/img]
Session ID: 0457ef8d33e4c8067b4ac6198fc424ff
at java.base/jdk.internal.reflect.NativeConstructorAccessorImpl.newInstance0(Native Method)
at java.base/jdk.internal.reflect.NativeConstructorAccessorImpl.newInstance(NativeConstructorAccessorImpl.java:77)
at java.base/jdk.internal.reflect.DelegatingConstructorAccessorImpl.newInstance(DelegatingConstructorAccessorImpl.java:45)
at java.base/java.lang.reflect.Constructor.newInstanceWithCaller(Constructor.java:499)
at java.base/java.lang.reflect.Constructor.newInstance(Constructor.java:480)
at org.openqa.selenium.remote.codec.w3c.W3CHttpResponseCodec.createException(W3CHttpResponseCodec.java:200)
at org.openqa.selenium.remote.codec.w3c.W3CHttpResponseCodec.decode(W3CHttpResponseCodec.java:133)
at org.openqa.selenium.remote.codec.w3c.W3CHttpResponseCodec.decode(W3CHttpResponseCodec.java:53)
at org.openqa.selenium.remote.HttpCommandExecutor.execute(HttpCommandExecutor.java:193)
at org.openqa.selenium.remote.service.DriverCommandExecutor.invokeExecute(DriverCommandExecutor.java:183)
at org.openqa.selenium.remote.service.DriverCommandExecutor.execute(DriverCommandExecutor.java:158)
at org.openqa.selenium.remote.RemoteWebDriver.execute(RemoteWebDriver.java:543)
at org.openqa.selenium.remote.RemoteWebElement.execute(RemoteWebElement.java:257)
at org.openqa.selenium.remote.RemoteWebElement.click(RemoteWebElement.java:78)
at com.IRC_Testing_D7_TestNG_CY_COD.Test_CY.testCase02(Test_CY.java:29)
at java.base/jdk.internal.reflect.NativeMethodAccessorImpl.invoke0(Native Method)
at java.base/jdk.internal.reflect.NativeMethodAccessorImpl.invoke(NativeMethodAccessorImpl.java:77)
at java.base/jdk.internal.reflect.DelegatingMethodAccessorImpl.invoke(DelegatingMethodAccessorImpl.java:43)
at java.base/java.lang.reflect.Method.invoke(Method.java:568)
at org.testng.internal.invokers.MethodInvocationHelper.invokeMethod(MethodInvocationHelper.java:139)
at org.testng.internal.invokers.TestInvoker.invokeMethod(TestInvoker.java:677)
at org.testng.internal.invokers.TestInvoker.invokeTestMethod(TestInvoker.java:221)
at org.testng.internal.invokers.MethodRunner.runInSequence(MethodRunner.java:50)
at org.testng.internal.invokers.TestInvoker$MethodInvocationAgent.invoke(TestInvoker.java:969)
at org.testng.internal.invokers.TestInvoker.invokeTestMethods(TestInvoker.java:194)
at org.testng.internal.invokers.TestMethodWorker.invokeTestMethods(TestMethodWorker.java:148)
at org.testng.internal.invokers.TestMethodWorker.run(TestMethodWorker.java:128)
at java.base/java.util.ArrayList.forEach(ArrayList.java:1511)
at org.testng.TestRunner.privateRun(TestRunner.java:829)
at org.testng.TestRunner.run(TestRunner.java:602)
at org.testng.SuiteRunner.runTest(SuiteRunner.java:437)
at org.testng.SuiteRunner.runSequentially(SuiteRunner.java:431)
at org.testng.SuiteRunner.privateRun(SuiteRunner.java:391)
at org.testng.SuiteRunner.run(SuiteRunner.java:330)
at org.testng.SuiteRunnerWorker.runSuite(SuiteRunnerWorker.java:52)
at org.testng.SuiteRunnerWorker.run(SuiteRunnerWorker.java:95)
at org.testng.TestNG.runSuitesSequentially(TestNG.java:1256)
at org.testng.TestNG.runSuitesLocally(TestNG.java:1176)
at org.testng.TestNG.runSuites(TestNG.java:1099)
at org.testng.TestNG.run(TestNG.java:1067)
at org.testng.remote.AbstractRemoteTestNG.run(AbstractRemoteTestNG.java:115)
at org.testng.remote.RemoteTestNG.initAndRun(RemoteTestNG.java:251)
at org.testng.remote.RemoteTestNG.main(RemoteTestNG.java:77)
]]>
    </failure>
  </testcase> <!-- testCase02 -->
</testsuite> <!-- Default test -->
